2019-10-21 01:20:57.829 INFO  finding app by package com.instagram.android 
2019-10-21 01:20:57.950 INFO  finding app by package com.miniclip.carrom 
2019-10-21 01:20:58.066 INFO  finding app by package com.UCMobile.intl 
2019-10-21 01:20:58.206 INFO  finding app by package com.zhiliaoapp.musically.go 
2019-10-21 01:20:58.290 INFO  finding app by package com.facebook.orca 
2019-10-21 01:20:58.388 INFO  finding app by package app.buzz.share 
2019-10-21 01:20:58.523 INFO  finding app by package video.like 
2019-10-21 01:20:58.613 INFO  finding app by package com.jio.media.jiobeats 
2019-10-21 01:20:58.719 INFO  finding app by package com.flipkart.android 
2019-10-21 01:20:58.884 INFO  finding app by package com.doodle.turboracing3d 
2019-10-21 01:20:58.959 INFO  finding app by package com.uc.vmate 
2019-10-21 01:20:59.042 INFO  finding app by package com.fogg.photovideomaker 
2019-10-21 01:20:59.157 INFO  finding app by package com.truecaller 
2019-10-21 01:20:59.277 INFO  finding app by package com.ludo.king 
2019-10-21 01:20:59.368 INFO  finding app by package cn.xender 
2019-10-21 01:20:59.518 INFO  finding app by package com.snapchat.android 
2019-10-21 01:20:59.685 INFO  finding app by package com.knockdown.bottle.game 
2019-10-21 01:20:59.762 INFO  finding app by package com.whatsapp.w4b 
2019-10-21 01:20:59.847 INFO  finding app by package com.kiloo.subwaysurf 
2019-10-21 01:20:59.949 INFO  finding app by package com.lenovo.anyshare.gps 
2019-10-21 01:21:00.141 INFO  finding app by package com.google.android.apps.wellbeing 
2019-10-21 01:21:00.294 INFO  finding app by package com.facebook.lite 
2019-10-21 01:21:00.441 INFO  finding app by package com.water.balls 
2019-10-21 01:21:00.570 INFO  finding app by package com.gaana 
2019-10-21 01:21:00.677 INFO  finding app by package com.dts.freefireth 
2019-10-21 01:21:00.797 INFO  finding app by package com.tencent.iglite 
2019-10-21 01:21:00.993 INFO  finding app by package in.startv.hotstar 
2019-10-21 01:21:01.137 INFO  finding app by package bubbleshooter.orig 
2019-10-21 01:21:01.214 INFO  finding app by package com.bsbportal.music 
2019-10-21 01:21:01.332 INFO  finding app by package com.kwai.global.video.social.kwaigo 
2019-10-21 01:21:01.425 INFO  finding app by package com.jio.jioplay.tv 
2019-10-21 01:21:01.510 INFO  finding app by package com.myairtelapp 
2019-10-21 01:21:01.591 INFO  finding app by package com.phonepe.app 
2019-10-21 01:21:01.729 INFO  finding app by package com.tencent.ig 
2019-10-21 01:21:01.814 INFO  finding app by package com.spotify.music 
2019-10-21 01:21:01.906 INFO  finding app by package com.yy.hiyo 
2019-10-21 01:21:02.005 INFO  finding app by package com.vaibhavkalpe.android.khatabook 
2019-10-21 01:21:02.170 INFO  finding app by package com.match3blaster.DropStackBallFall 
2019-10-21 01:21:02.286 INFO  finding app by package com.commsource.beautyplus 
2019-10-21 01:21:02.402 INFO  finding app by package com.jio.myjio 
2019-10-21 01:21:02.580 INFO  finding app by package net.one97.paytm 
2019-10-21 01:21:02.756 INFO  finding app by package in.amazon.mShop.android.shopping 
2019-10-21 01:21:02.837 INFO  finding app by package com.whereismytrain.android 
2019-10-21 01:21:02.924 INFO  finding app by package com.google.android.apps.nbu.paisa.user 
2019-10-21 01:21:03.026 INFO  finding app by package com.mxtech.videoplayer.ad 
2019-10-21 01:21:03.095 INFO  finding app by package com.whatsapp 
2019-10-21 01:21:03.173 INFO  finding app by package com.zhiliaoapp.musically 
2019-10-21 01:21:03.279 INFO  finding app by package com.facebook.katana 
2019-10-21 01:21:03.351 INFO  finding app by package com.slippy.linerusher 
2019-10-21 01:21:03.416 INFO  finding app by package club.fromfactory 
2019-10-21 01:21:18.167 INFO  Recieved getApps Request 
